<?xml version="1.0" encoding="UTF-8"?>
<!-- Generated by org.testng.reporters.JUnitReportReporter -->
<testsuite hostname="DESKTOP-C84JI4A" failures="0" tests="1" name="GS.SeleniumFramework.SeleniumStandAlone" time="20.732" errors="0" timestamp="2023-07-07T23:48:46 BDT" skipped="0">
  <testcase classname="GS.SeleniumFramework.SeleniumStandAlone" name="submitOrder" time="20.732"/>
</testsuite> <!-- GS.SeleniumFramework.SeleniumStandAlone -->
