<?xml version="1.0" encoding="UTF-8"?>
<!-- Generated by org.testng.reporters.JUnitReportReporter -->
<testsuite hostname="DESKTOP-C84JI4A" failures="0" tests="2" name="GS.SeleniumFramework.Login" time="11.612" errors="0" timestamp="2024-01-09T15:45:42 BDT" skipped="0">
  <testcase classname="GS.SeleniumFramework.Login" name="loginInvalidPassword" time="6.085"/>
  <testcase classname="GS.SeleniumFramework.Login" name="login" time="5.527"/>
</testsuite> <!-- GS.SeleniumFramework.Login -->
