<?xml version="1.0" encoding="UTF-8"?>
<!-- Generated by org.testng.reporters.JUnitReportReporter -->
<testsuite hostname="DESKTOP-C84JI4A" failures="0" tests="1" name="GS.SeleniumFramework.OrderSubmit" time="13.028" errors="0" timestamp="2024-01-11T00:53:32 BDT" skipped="0">
  <testcase classname="GS.SeleniumFramework.OrderSubmit" name="submitOrder" time="13.028"/>
</testsuite> <!-- GS.SeleniumFramework.OrderSubmit -->
