<?xml version="1.0" encoding="UTF-8"?>
<!-- Generated by org.testng.reporters.JUnitReportReporter -->
<testsuite hostname="DESKTOP-C84JI4A" failures="0" tests="2" name="GS.SeleniumFramework.Login" time="14.862" errors="0" timestamp="2024-01-11T22:47:30 BDT" skipped="0">
  <testcase classname="GS.SeleniumFramework.Login" name="login" time="7.209"/>
  <testcase classname="GS.SeleniumFramework.Login" name="loginInvalidPassword" time="7.653"/>
</testsuite> <!-- GS.SeleniumFramework.Login -->
