<?xml version="1.0" encoding="UTF-8"?>
<!-- Generated by org.testng.reporters.JUnitReportReporter -->
<testsuite hostname="DESKTOP-C84JI4A" failures="0" tests="2" name="GS.SeleniumFramework.Login" time="13.709" errors="0" timestamp="22 Jul 2023 09:07:28 GMT" skipped="0">
  <testcase classname="GS.SeleniumFramework.Login" name="loginInvalidPassword" time="4.393"/>
  <testcase classname="GS.SeleniumFramework.Login" name="login" time="9.316"/>
</testsuite> <!-- GS.SeleniumFramework.Login -->
