<?xml version="1.0" encoding="UTF-8"?>
<!-- Generated by org.testng.reporters.JUnitReportReporter -->
<testsuite hostname="DESKTOP-C84JI4A" failures="0" tests="2" name="GS.SeleniumFramework.Login" time="9.639" errors="0" timestamp="2024-01-12T00:17:16 BDT" skipped="0">
  <testcase classname="GS.SeleniumFramework.Login" name="loginInvalidPassword" time="4.365"/>
  <testcase classname="GS.SeleniumFramework.Login" name="login" time="5.274"/>
</testsuite> <!-- GS.SeleniumFramework.Login -->
