<?xml version="1.0" encoding="UTF-8"?>
<!-- Generated by org.testng.reporters.JUnitReportReporter -->
<testsuite hostname="DESKTOP-C84JI4A" failures="0" tests="1" name="GS.SeleniumFramework.OrderSubmit" time="17.753" errors="0" timestamp="22 Jul 2023 09:07:28 GMT" skipped="0">
  <testcase classname="GS.SeleniumFramework.OrderSubmit" name="submitOrder" time="17.753"/>
</testsuite> <!-- GS.SeleniumFramework.OrderSubmit -->
