<?xml version="1.0" encoding="UTF-8"?>
<!-- Generated by org.testng.reporters.JUnitReportReporter -->
<testsuite hostname="DESKTOP-C84JI4A" failures="0" tests="2" name="GS.SeleniumFramework.Login" time="9.379" errors="0" timestamp="2024-01-11T11:55:10 BDT" skipped="0">
  <testcase classname="GS.SeleniumFramework.Login" name="login" time="3.810"/>
  <testcase classname="GS.SeleniumFramework.Login" name="loginInvalidPassword" time="5.569"/>
</testsuite> <!-- GS.SeleniumFramework.Login -->
